{"/home/been/Documents/Dev/me/recipe/assets/images/login-header.png": {"path":"/home/been/Documents/Dev/me/recipe/assets/images/login-header.png","statementMap":{"0":{"start":{"line":1,"column":0},"end":{"line":1,"column":19}}},"fnMap":{},"branchMap":{},"s":{"0":1},"f":{},"b":{},"_coverageSchema":"1a1c01bbd47fc00a2c39e90264f33305004495a9","hash":"2969bedccf3a46964dd4adbea260215232353ef6"}
,"/home/been/Documents/Dev/me/recipe/components/Themed.tsx": {"path":"/home/been/Documents/Dev/me/recipe/components/Themed.tsx","statementMap":{"0":{"start":{"line":41,"column":16},"end":{"line":41,"column":23}},"1":{"start":{"line":42,"column":25},"end":{"line":42,"column":37}},"2":{"start":{"line":44,"column":2},"end":{"line":48,"column":3}},"3":{"start":{"line":45,"column":4},"end":{"line":45,"column":26}},"4":{"start":{"line":47,"column":4},"end":{"line":47,"column":36}},"5":{"start":{"line":80,"column":58},"end":{"line":80,"column":63}},"6":{"start":{"line":81,"column":16},"end":{"line":81,"column":77}},"7":{"start":{"line":83,"column":2},"end":{"line":83,"column":68}},"8":{"start":{"line":87,"column":58},"end":{"line":87,"column":63}},"9":{"start":{"line":88,"column":26},"end":{"line":88,"column":93}},"10":{"start":{"line":90,"column":2},"end":{"line":90,"column":78}},"11":{"start":{"line":94,"column":28},"end":{"line":94,"column":33}},"12":{"start":{"line":95,"column":2},"end":{"line":102,"column":3}},"13":{"start":{"line":106,"column":61},"end":{"line":106,"column":66}},"14":{"start":{"line":108,"column":25},"end":{"line":108,"column":86}},"15":{"start":{"line":109,"column":27},"end":{"line":109,"column":94}},"16":{"start":{"line":111,"column":22},"end":{"line":128,"column":4}},"17":{"start":{"line":130,"column":2},"end":{"line":155,"column":3}},"18":{"start":{"line":137,"column":8},"end":{"line":149,"column":10}},"19":{"start":{"line":141,"column":12},"end":{"line":144,"column":14}},"20":{"start":{"line":161,"column":41},"end":{"line":161,"column":46}},"21":{"start":{"line":162,"column":14},"end":{"line":162,"column":16}},"22":{"start":{"line":163,"column":15},"end":{"line":163,"column":17}},"23":{"start":{"line":165,"column":2},"end":{"line":195,"column":3}},"24":{"start":{"line":167,"column":6},"end":{"line":167,"column":16}},"25":{"start":{"line":168,"column":6},"end":{"line":168,"column":17}},"26":{"start":{"line":169,"column":6},"end":{"line":169,"column":12}},"27":{"start":{"line":171,"column":6},"end":{"line":171,"column":16}},"28":{"start":{"line":172,"column":6},"end":{"line":172,"column":17}},"29":{"start":{"line":173,"column":6},"end":{"line":173,"column":12}},"30":{"start":{"line":175,"column":6},"end":{"line":175,"column":16}},"31":{"start":{"line":176,"column":6},"end":{"line":176,"column":17}},"32":{"start":{"line":177,"column":6},"end":{"line":177,"column":12}},"33":{"start":{"line":179,"column":6},"end":{"line":179,"column":16}},"34":{"start":{"line":180,"column":6},"end":{"line":180,"column":17}},"35":{"start":{"line":181,"column":6},"end":{"line":181,"column":12}},"36":{"start":{"line":184,"column":6},"end":{"line":184,"column":16}},"37":{"start":{"line":185,"column":6},"end":{"line":185,"column":17}},"38":{"start":{"line":186,"column":6},"end":{"line":186,"column":12}},"39":{"start":{"line":189,"column":6},"end":{"line":189,"column":16}},"40":{"start":{"line":190,"column":6},"end":{"line":190,"column":17}},"41":{"start":{"line":191,"column":6},"end":{"line":191,"column":12}},"42":{"start":{"line":194,"column":6},"end":{"line":194,"column":12}},"43":{"start":{"line":197,"column":2},"end":{"line":200,"column":4}},"44":{"start":{"line":204,"column":58},"end":{"line":204,"column":63}},"45":{"start":{"line":205,"column":26},"end":{"line":205,"column":93}},"46":{"start":{"line":206,"column":17},"end":{"line":206,"column":36}},"47":{"start":{"line":208,"column":2},"end":{"line":208,"column":121}},"48":{"start":{"line":212,"column":35},"end":{"line":212,"column":40}},"49":{"start":{"line":214,"column":2},"end":{"line":214,"column":163}},"50":{"start":{"line":218,"column":35},"end":{"line":218,"column":40}},"51":{"start":{"line":220,"column":2},"end":{"line":220,"column":92}},"52":{"start":{"line":224,"column":70},"end":{"line":224,"column":75}},"53":{"start":{"line":225,"column":21},"end":{"line":236,"column":4}},"54":{"start":{"line":237,"column":2},"end":{"line":261,"column":4}},"55":{"start":{"line":244,"column":8},"end":{"line":257,"column":22}},"56":{"start":{"line":265,"column":67},"end":{"line":265,"column":72}},"57":{"start":{"line":267,"column":2},"end":{"line":275,"column":3}},"58":{"start":{"line":279,"column":54},"end":{"line":279,"column":59}},"59":{"start":{"line":281,"column":2},"end":{"line":285,"column":3}},"60":{"start":{"line":289,"column":44},"end":{"line":289,"column":49}},"61":{"start":{"line":291,"column":2},"end":{"line":295,"column":3}},"62":{"start":{"line":303,"column":2},"end":{"line":303,"column":33}},"63":{"start":{"line":306,"column":21},"end":{"line":465,"column":2}},"64":{"start":{"line":307,"column":56},"end":{"line":307,"column":61}},"65":{"start":{"line":309,"column":20},"end":{"line":309,"column":40}},"66":{"start":{"line":310,"column":25},"end":{"line":310,"column":51}},"67":{"start":{"line":312,"column":38},"end":{"line":312,"column":53}},"68":{"start":{"line":313,"column":38},"end":{"line":313,"column":53}},"69":{"start":{"line":314,"column":44},"end":{"line":314,"column":55}},"70":{"start":{"line":315,"column":44},"end":{"line":315,"column":55}},"71":{"start":{"line":316,"column":27},"end":{"line":316,"column":56}},"72":{"start":{"line":318,"column":21},"end":{"line":361,"column":4}},"73":{"start":{"line":363,"column":25},"end":{"line":363,"column":77}},"74":{"start":{"line":365,"column":26},"end":{"line":371,"column":3}},"75":{"start":{"line":366,"column":4},"end":{"line":370,"column":14}},"76":{"start":{"line":373,"column":2},"end":{"line":376,"column":5}},"77":{"start":{"line":373,"column":34},"end":{"line":376,"column":3}},"78":{"start":{"line":378,"column":16},"end":{"line":380,"column":3}},"79":{"start":{"line":379,"column":4},"end":{"line":379,"column":24}},"80":{"start":{"line":382,"column":15},"end":{"line":384,"column":3}},"81":{"start":{"line":383,"column":4},"end":{"line":383,"column":23}},"82":{"start":{"line":386,"column":2},"end":{"line":388,"column":21}},"83":{"start":{"line":387,"column":4},"end":{"line":387,"column":29}},"84":{"start":{"line":387,"column":23},"end":{"line":387,"column":29}},"85":{"start":{"line":390,"column":2},"end":{"line":392,"column":8}},"86":{"start":{"line":391,"column":4},"end":{"line":391,"column":37}},"87":{"start":{"line":394,"column":2},"end":{"line":396,"column":18}},"88":{"start":{"line":395,"column":4},"end":{"line":395,"column":61}},"89":{"start":{"line":395,"column":21},"end":{"line":395,"column":61}},"90":{"start":{"line":398,"column":23},"end":{"line":408,"column":3}},"91":{"start":{"line":399,"column":4},"end":{"line":399,"column":26}},"92":{"start":{"line":399,"column":20},"end":{"line":399,"column":26}},"93":{"start":{"line":400,"column":22},"end":{"line":400,"column":38}},"94":{"start":{"line":401,"column":22},"end":{"line":401,"column":39}},"95":{"start":{"line":403,"column":4},"end":{"line":405,"column":5}},"96":{"start":{"line":404,"column":6},"end":{"line":404,"column":32}},"97":{"start":{"line":407,"column":4},"end":{"line":407,"column":31}},"98":{"start":{"line":410,"column":24},"end":{"line":421,"column":3}},"99":{"start":{"line":411,"column":4},"end":{"line":411,"column":26}},"100":{"start":{"line":411,"column":20},"end":{"line":411,"column":26}},"101":{"start":{"line":413,"column":22},"end":{"line":413,"column":39}},"102":{"start":{"line":414,"column":22},"end":{"line":414,"column":38}},"103":{"start":{"line":415,"column":25},"end":{"line":415,"column":41}},"104":{"start":{"line":417,"column":4},"end":{"line":417,"column":52}},"105":{"start":{"line":417,"column":32},"end":{"line":417,"column":52}},"106":{"start":{"line":419,"column":4},"end":{"line":419,"column":67}},"107":{"start":{"line":419,"column":35},"end":{"line":419,"column":67}},"108":{"start":{"line":423,"column":2},"end":{"line":464,"column":3}},"109":{"start":{"line":431,"column":32},"end":{"line":431,"column":52}},"110":{"start":{"line":438,"column":44},"end":{"line":438,"column":48}},"111":{"start":{"line":440,"column":14},"end":{"line":440,"column":49}},"112":{"start":{"line":442,"column":41},"end":{"line":442,"column":77}},"113":{"start":{"line":446,"column":45},"end":{"line":446,"column":52}}},"fnMap":{"0":{"name":"useThemeColor","decl":{"start":{"line":37,"column":16},"end":{"line":37,"column":29}},"loc":{"start":{"line":40,"column":2},"end":{"line":49,"column":1}},"line":40},"1":{"name":"Text","decl":{"start":{"line":79,"column":16},"end":{"line":79,"column":20}},"loc":{"start":{"line":79,"column":39},"end":{"line":84,"column":1}},"line":79},"2":{"name":"View","decl":{"start":{"line":86,"column":16},"end":{"line":86,"column":20}},"loc":{"start":{"line":86,"column":39},"end":{"line":91,"column":1}},"line":86},"3":{"name":"FlatList","decl":{"start":{"line":93,"column":16},"end":{"line":93,"column":24}},"loc":{"start":{"line":93,"column":47},"end":{"line":103,"column":1}},"line":93},"4":{"name":"TopTabBar","decl":{"start":{"line":105,"column":16},"end":{"line":105,"column":25}},"loc":{"start":{"line":105,"column":49},"end":{"line":157,"column":1}},"line":105},"5":{"name":"(anonymous_5)","decl":{"start":{"line":136,"column":20},"end":{"line":136,"column":21}},"loc":{"start":{"line":137,"column":8},"end":{"line":149,"column":10}},"line":137},"6":{"name":"(anonymous_6)","decl":{"start":{"line":140,"column":28},"end":{"line":140,"column":29}},"loc":{"start":{"line":141,"column":12},"end":{"line":144,"column":14}},"line":141},"7":{"name":"Avatar","decl":{"start":{"line":159,"column":16},"end":{"line":159,"column":22}},"loc":{"start":{"line":159,"column":43},"end":{"line":201,"column":1}},"line":159},"8":{"name":"Container","decl":{"start":{"line":203,"column":16},"end":{"line":203,"column":25}},"loc":{"start":{"line":203,"column":44},"end":{"line":209,"column":1}},"line":203},"9":{"name":"ScrollView","decl":{"start":{"line":211,"column":16},"end":{"line":211,"column":26}},"loc":{"start":{"line":211,"column":51},"end":{"line":215,"column":1}},"line":211},"10":{"name":"ImageBackground","decl":{"start":{"line":217,"column":16},"end":{"line":217,"column":31}},"loc":{"start":{"line":217,"column":61},"end":{"line":221,"column":1}},"line":217},"11":{"name":"TextInput","decl":{"start":{"line":223,"column":16},"end":{"line":223,"column":25}},"loc":{"start":{"line":223,"column":49},"end":{"line":262,"column":1}},"line":223},"12":{"name":"(anonymous_12)","decl":{"start":{"line":242,"column":14},"end":{"line":242,"column":15}},"loc":{"start":{"line":244,"column":8},"end":{"line":257,"column":22}},"line":244},"13":{"name":"Button","decl":{"start":{"line":264,"column":16},"end":{"line":264,"column":22}},"loc":{"start":{"line":264,"column":53},"end":{"line":276,"column":1}},"line":264},"14":{"name":"ButtonRounded","decl":{"start":{"line":278,"column":16},"end":{"line":278,"column":29}},"loc":{"start":{"line":278,"column":60},"end":{"line":286,"column":1}},"line":278},"15":{"name":"TextButton","decl":{"start":{"line":288,"column":16},"end":{"line":288,"column":26}},"loc":{"start":{"line":288,"column":57},"end":{"line":296,"column":1}},"line":288},"16":{"name":"IoniconsIcon","decl":{"start":{"line":298,"column":16},"end":{"line":298,"column":28}},"loc":{"start":{"line":302,"column":3},"end":{"line":304,"column":1}},"line":302},"17":{"name":"(anonymous_17)","decl":{"start":{"line":306,"column":32},"end":{"line":306,"column":33}},"loc":{"start":{"line":306,"column":60},"end":{"line":465,"column":1}},"line":306},"18":{"name":"(anonymous_18)","decl":{"start":{"line":365,"column":26},"end":{"line":365,"column":27}},"loc":{"start":{"line":365,"column":48},"end":{"line":371,"column":3}},"line":365},"19":{"name":"(anonymous_19)","decl":{"start":{"line":373,"column":27},"end":{"line":373,"column":28}},"loc":{"start":{"line":373,"column":34},"end":{"line":376,"column":3}},"line":373},"20":{"name":"(anonymous_20)","decl":{"start":{"line":378,"column":16},"end":{"line":378,"column":17}},"loc":{"start":{"line":378,"column":22},"end":{"line":380,"column":3}},"line":378},"21":{"name":"(anonymous_21)","decl":{"start":{"line":382,"column":15},"end":{"line":382,"column":16}},"loc":{"start":{"line":382,"column":21},"end":{"line":384,"column":3}},"line":382},"22":{"name":"(anonymous_22)","decl":{"start":{"line":386,"column":12},"end":{"line":386,"column":13}},"loc":{"start":{"line":386,"column":18},"end":{"line":388,"column":3}},"line":386},"23":{"name":"(anonymous_23)","decl":{"start":{"line":390,"column":12},"end":{"line":390,"column":13}},"loc":{"start":{"line":390,"column":18},"end":{"line":392,"column":3}},"line":390},"24":{"name":"(anonymous_24)","decl":{"start":{"line":394,"column":12},"end":{"line":394,"column":13}},"loc":{"start":{"line":394,"column":18},"end":{"line":396,"column":3}},"line":394},"25":{"name":"(anonymous_25)","decl":{"start":{"line":398,"column":23},"end":{"line":398,"column":24}},"loc":{"start":{"line":398,"column":42},"end":{"line":408,"column":3}},"line":398},"26":{"name":"(anonymous_26)","decl":{"start":{"line":410,"column":24},"end":{"line":410,"column":25}},"loc":{"start":{"line":410,"column":43},"end":{"line":421,"column":3}},"line":410},"27":{"name":"(anonymous_27)","decl":{"start":{"line":431,"column":26},"end":{"line":431,"column":27}},"loc":{"start":{"line":431,"column":32},"end":{"line":431,"column":52}},"line":431},"28":{"name":"(anonymous_28)","decl":{"start":{"line":438,"column":38},"end":{"line":438,"column":39}},"loc":{"start":{"line":438,"column":44},"end":{"line":438,"column":48}},"line":438},"29":{"name":"(anonymous_29)","decl":{"start":{"line":439,"column":29},"end":{"line":439,"column":30}},"loc":{"start":{"line":439,"column":38},"end":{"line":441,"column":13}},"line":439},"30":{"name":"(anonymous_30)","decl":{"start":{"line":442,"column":32},"end":{"line":442,"column":33}},"loc":{"start":{"line":442,"column":41},"end":{"line":442,"column":77}},"line":442},"31":{"name":"(anonymous_31)","decl":{"start":{"line":446,"column":39},"end":{"line":446,"column":40}},"loc":{"start":{"line":446,"column":45},"end":{"line":446,"column":52}},"line":446}},"branchMap":{"0":{"loc":{"start":{"line":44,"column":2},"end":{"line":48,"column":3}},"type":"if","locations":[{"start":{"line":44,"column":2},"end":{"line":48,"column":3}},{"start":{"line":46,"column":9},"end":{"line":48,"column":3}}],"line":44},"1":{"loc":{"start":{"line":165,"column":2},"end":{"line":195,"column":3}},"type":"switch","locations":[{"start":{"line":166,"column":4},"end":{"line":169,"column":12}},{"start":{"line":170,"column":4},"end":{"line":173,"column":12}},{"start":{"line":174,"column":4},"end":{"line":177,"column":12}},{"start":{"line":178,"column":4},"end":{"line":181,"column":12}},{"start":{"line":183,"column":4},"end":{"line":186,"column":12}},{"start":{"line":188,"column":4},"end":{"line":191,"column":12}},{"start":{"line":193,"column":4},"end":{"line":194,"column":12}}],"line":165},"2":{"loc":{"start":{"line":245,"column":11},"end":{"line":246,"column":87}},"type":"binary-expr","locations":[{"start":{"line":245,"column":11},"end":{"line":245,"column":22}},{"start":{"line":246,"column":12},"end":{"line":246,"column":87}}],"line":245},"3":{"loc":{"start":{"line":251,"column":38},"end":{"line":251,"column":69}},"type":"binary-expr","locations":[{"start":{"line":251,"column":38},"end":{"line":251,"column":43}},{"start":{"line":251,"column":47},"end":{"line":251,"column":69}}],"line":251},"4":{"loc":{"start":{"line":254,"column":11},"end":{"line":255,"column":80}},"type":"binary-expr","locations":[{"start":{"line":254,"column":11},"end":{"line":254,"column":16}},{"start":{"line":255,"column":12},"end":{"line":255,"column":80}}],"line":254},"5":{"loc":{"start":{"line":255,"column":48},"end":{"line":255,"column":72}},"type":"binary-expr","locations":[{"start":{"line":255,"column":48},"end":{"line":255,"column":61}},{"start":{"line":255,"column":65},"end":{"line":255,"column":72}}],"line":255},"6":{"loc":{"start":{"line":268,"column":37},"end":{"line":268,"column":92}},"type":"cond-expr","locations":[{"start":{"line":268,"column":60},"end":{"line":268,"column":79}},{"start":{"line":268,"column":82},"end":{"line":268,"column":92}}],"line":268},"7":{"loc":{"start":{"line":269,"column":7},"end":{"line":272,"column":134}},"type":"cond-expr","locations":[{"start":{"line":270,"column":8},"end":{"line":270,"column":59}},{"start":{"line":272,"column":8},"end":{"line":272,"column":134}}],"line":269},"8":{"loc":{"start":{"line":272,"column":59},"end":{"line":272,"column":115}},"type":"cond-expr","locations":[{"start":{"line":272,"column":74},"end":{"line":272,"column":97}},{"start":{"line":272,"column":100},"end":{"line":272,"column":115}}],"line":272},"9":{"loc":{"start":{"line":387,"column":4},"end":{"line":387,"column":29}},"type":"if","locations":[{"start":{"line":387,"column":4},"end":{"line":387,"column":29}},{"start":{},"end":{}}],"line":387},"10":{"loc":{"start":{"line":395,"column":4},"end":{"line":395,"column":61}},"type":"if","locations":[{"start":{"line":395,"column":4},"end":{"line":395,"column":61}},{"start":{},"end":{}}],"line":395},"11":{"loc":{"start":{"line":399,"column":4},"end":{"line":399,"column":26}},"type":"if","locations":[{"start":{"line":399,"column":4},"end":{"line":399,"column":26}},{"start":{},"end":{}}],"line":399},"12":{"loc":{"start":{"line":403,"column":4},"end":{"line":405,"column":5}},"type":"if","locations":[{"start":{"line":403,"column":4},"end":{"line":405,"column":5}},{"start":{},"end":{}}],"line":403},"13":{"loc":{"start":{"line":411,"column":4},"end":{"line":411,"column":26}},"type":"if","locations":[{"start":{"line":411,"column":4},"end":{"line":411,"column":26}},{"start":{},"end":{}}],"line":411},"14":{"loc":{"start":{"line":417,"column":4},"end":{"line":417,"column":52}},"type":"if","locations":[{"start":{"line":417,"column":4},"end":{"line":417,"column":52}},{"start":{},"end":{}}],"line":417},"15":{"loc":{"start":{"line":419,"column":4},"end":{"line":419,"column":67}},"type":"if","locations":[{"start":{"line":419,"column":4},"end":{"line":419,"column":67}},{"start":{},"end":{}}],"line":419},"16":{"loc":{"start":{"line":433,"column":49},"end":{"line":433,"column":83}},"type":"binary-expr","locations":[{"start":{"line":433,"column":49},"end":{"line":433,"column":59}},{"start":{"line":433,"column":63},"end":{"line":433,"column":83}}],"line":433}},"s":{"0":4,"1":4,"2":4,"3":0,"4":4,"5":2,"6":2,"7":2,"8":2,"9":2,"10":2,"11":0,"12":0,"13":0,"14":0,"15":0,"16":0,"17":0,"18":0,"19":0,"20":0,"21":0,"22":0,"23":0,"24":0,"25":0,"26":0,"27":0,"28":0,"29":0,"30":0,"31":0,"32":0,"33":0,"34":0,"35":0,"36":0,"37":0,"38":0,"39":0,"40":0,"41":0,"42":0,"43":0,"44":0,"45":0,"46":0,"47":0,"48":0,"49":0,"50":2,"51":2,"52":0,"53":0,"54":0,"55":0,"56":0,"57":0,"58":0,"59":0,"60":0,"61":0,"62":0,"63":1,"64":0,"65":0,"66":0,"67":0,"68":0,"69":0,"70":0,"71":0,"72":0,"73":0,"74":0,"75":0,"76":0,"77":0,"78":0,"79":0,"80":0,"81":0,"82":0,"83":0,"84":0,"85":0,"86":0,"87":0,"88":0,"89":0,"90":0,"91":0,"92":0,"93":0,"94":0,"95":0,"96":0,"97":0,"98":0,"99":0,"100":0,"101":0,"102":0,"103":0,"104":0,"105":0,"106":0,"107":0,"108":0,"109":0,"110":0,"111":0,"112":0,"113":0},"f":{"0":4,"1":2,"2":2,"3":0,"4":0,"5":0,"6":0,"7":0,"8":0,"9":0,"10":2,"11":0,"12":0,"13":0,"14":0,"15":0,"16":0,"17":0,"18":0,"19":0,"20":0,"21":0,"22":0,"23":0,"24":0,"25":0,"26":0,"27":0,"28":0,"29":0,"30":0,"31":0},"b":{"0":[0,4],"1":[0,0,0,0,0,0,0],"2":[0,0],"3":[0,0],"4":[0,0],"5":[0,0],"6":[0,0],"7":[0,0],"8":[0,0],"9":[0,0],"10":[0,0],"11":[0,0],"12":[0,0],"13":[0,0],"14":[0,0],"15":[0,0],"16":[0,0]},"_coverageSchema":"1a1c01bbd47fc00a2c39e90264f33305004495a9","hash":"787f9f07fc6816db7579705ad17be711e816a50a"}
,"/home/been/Documents/Dev/me/recipe/components/Auth/AuthHeader.tsx": {"path":"/home/been/Documents/Dev/me/recipe/components/Auth/AuthHeader.tsx","statementMap":{"0":{"start":{"line":15,"column":38},"end":{"line":58,"column":1}},"1":{"start":{"line":17,"column":19},"end":{"line":17,"column":38}},"2":{"start":{"line":19,"column":32},"end":{"line":19,"column":35}},"3":{"start":{"line":20,"column":25},"end":{"line":20,"column":80}},"4":{"start":{"line":22,"column":4},"end":{"line":45,"column":10}},"5":{"start":{"line":24,"column":33},"end":{"line":30,"column":10}},"6":{"start":{"line":25,"column":12},"end":{"line":29,"column":22}},"7":{"start":{"line":33,"column":33},"end":{"line":39,"column":10}},"8":{"start":{"line":34,"column":12},"end":{"line":38,"column":22}},"9":{"start":{"line":41,"column":8},"end":{"line":44,"column":9}},"10":{"start":{"line":42,"column":12},"end":{"line":42,"column":38}},"11":{"start":{"line":43,"column":12},"end":{"line":43,"column":38}},"12":{"start":{"line":47,"column":4},"end":{"line":57,"column":5}}},"fnMap":{"0":{"name":"(anonymous_0)","decl":{"start":{"line":15,"column":38},"end":{"line":15,"column":39}},"loc":{"start":{"line":15,"column":53},"end":{"line":58,"column":1}},"line":15},"1":{"name":"(anonymous_1)","decl":{"start":{"line":22,"column":14},"end":{"line":22,"column":15}},"loc":{"start":{"line":22,"column":20},"end":{"line":45,"column":5}},"line":22},"2":{"name":"(anonymous_2)","decl":{"start":{"line":24,"column":73},"end":{"line":24,"column":74}},"loc":{"start":{"line":24,"column":79},"end":{"line":30,"column":9}},"line":24},"3":{"name":"(anonymous_3)","decl":{"start":{"line":33,"column":73},"end":{"line":33,"column":74}},"loc":{"start":{"line":33,"column":79},"end":{"line":39,"column":9}},"line":33},"4":{"name":"(anonymous_4)","decl":{"start":{"line":41,"column":15},"end":{"line":41,"column":16}},"loc":{"start":{"line":41,"column":22},"end":{"line":44,"column":9}},"line":41}},"branchMap":{},"s":{"0":1,"1":2,"2":2,"3":2,"4":2,"5":2,"6":1,"7":2,"8":1,"9":2,"10":2,"11":2,"12":2},"f":{"0":2,"1":2,"2":1,"3":1,"4":2},"b":{},"_coverageSchema":"1a1c01bbd47fc00a2c39e90264f33305004495a9","hash":"b6036f3a421b2d8915ec35e08683922c7b421877"}
,"/home/been/Documents/Dev/me/recipe/constants/Colors.ts": {"path":"/home/been/Documents/Dev/me/recipe/constants/Colors.ts","statementMap":{"0":{"start":{"line":1,"column":23},"end":{"line":1,"column":32}},"1":{"start":{"line":2,"column":22},"end":{"line":2,"column":31}}},"fnMap":{},"branchMap":{},"s":{"0":1,"1":1},"f":{},"b":{},"_coverageSchema":"1a1c01bbd47fc00a2c39e90264f33305004495a9","hash":"227653a5818266a1cfa3d4c2b60b86acf27fdaae"}
,"/home/been/Documents/Dev/me/recipe/constants/Layout.ts": {"path":"/home/been/Documents/Dev/me/recipe/constants/Layout.ts","statementMap":{"0":{"start":{"line":3,"column":14},"end":{"line":3,"column":44}},"1":{"start":{"line":4,"column":15},"end":{"line":4,"column":46}}},"fnMap":{},"branchMap":{},"s":{"0":1,"1":1},"f":{},"b":{},"_coverageSchema":"1a1c01bbd47fc00a2c39e90264f33305004495a9","hash":"e97f998d0540af976d7e264855c9e83ba7c3c19c"}
,"/home/been/Documents/Dev/me/recipe/constants/style.tsx": {"path":"/home/been/Documents/Dev/me/recipe/constants/style.tsx","statementMap":{"0":{"start":{"line":8,"column":27},"end":{"line":8,"column":29}},"1":{"start":{"line":9,"column":20},"end":{"line":9,"column":27}}},"fnMap":{},"branchMap":{"0":{"loc":{"start":{"line":17,"column":16},"end":{"line":17,"column":71}},"type":"cond-expr","locations":[{"start":{"line":17,"column":44},"end":{"line":17,"column":67}},{"start":{"line":17,"column":70},"end":{"line":17,"column":71}}],"line":17}},"s":{"0":1,"1":1},"f":{},"b":{"0":[0,1]},"_coverageSchema":"1a1c01bbd47fc00a2c39e90264f33305004495a9","hash":"d536177c39830c32e28731271d16bb8ca4f3a040"}
,"/home/been/Documents/Dev/me/recipe/screens/Auth/authStyles.tsx": {"path":"/home/been/Documents/Dev/me/recipe/screens/Auth/authStyles.tsx","statementMap":{},"fnMap":{},"branchMap":{},"s":{},"f":{},"b":{},"_coverageSchema":"1a1c01bbd47fc00a2c39e90264f33305004495a9","hash":"4818e75c4dc314ec5d6b8873b1b32cc3cc76f954"}
}
