TN:
SF:assets/images/login-header.png
FNF:0
FNH:0
DA:1,1
LF:1
LH:1
BRF:0
BRH:0
end_of_record
TN:
SF:components/Themed.tsx
FN:37,useThemeColor
FN:79,Text
FN:86,View
FN:93,FlatList
FN:105,TopTabBar
FN:136,(anonymous_5)
FN:140,(anonymous_6)
FN:159,Avatar
FN:203,Container
FN:211,ScrollView
FN:217,ImageBackground
FN:223,TextInput
FN:242,(anonymous_12)
FN:264,Button
FN:278,ButtonRounded
FN:288,TextButton
FN:298,IoniconsIcon
FN:306,(anonymous_17)
FN:365,(anonymous_18)
FN:373,(anonymous_19)
FN:378,(anonymous_20)
FN:382,(anonymous_21)
FN:386,(anonymous_22)
FN:390,(anonymous_23)
FN:394,(anonymous_24)
FN:398,(anonymous_25)
FN:410,(anonymous_26)
FN:431,(anonymous_27)
FN:438,(anonymous_28)
FN:439,(anonymous_29)
FN:442,(anonymous_30)
FN:446,(anonymous_31)
FNF:32
FNH:4
FNDA:4,useThemeColor
FNDA:2,Text
FNDA:2,View
FNDA:0,FlatList
FNDA:0,TopTabBar
FNDA:0,(anonymous_5)
FNDA:0,(anonymous_6)
FNDA:0,Avatar
FNDA:0,Container
FNDA:0,ScrollView
FNDA:2,ImageBackground
FNDA:0,TextInput
FNDA:0,(anonymous_12)
FNDA:0,Button
FNDA:0,ButtonRounded
FNDA:0,TextButton
FNDA:0,IoniconsIcon
FNDA:0,(anonymous_17)
FNDA:0,(anonymous_18)
FNDA:0,(anonymous_19)
FNDA:0,(anonymous_20)
FNDA:0,(anonymous_21)
FNDA:0,(anonymous_22)
FNDA:0,(anonymous_23)
FNDA:0,(anonymous_24)
FNDA:0,(anonymous_25)
FNDA:0,(anonymous_26)
FNDA:0,(anonymous_27)
FNDA:0,(anonymous_28)
FNDA:0,(anonymous_29)
FNDA:0,(anonymous_30)
FNDA:0,(anonymous_31)
DA:41,4
DA:42,4
DA:44,4
DA:45,0
DA:47,4
DA:80,2
DA:81,2
DA:83,2
DA:87,2
DA:88,2
DA:90,2
DA:94,0
DA:95,0
DA:106,0
DA:108,0
DA:109,0
DA:111,0
DA:130,0
DA:137,0
DA:141,0
DA:161,0
DA:162,0
DA:163,0
DA:165,0
DA:167,0
DA:168,0
DA:169,0
DA:171,0
DA:172,0
DA:173,0
DA:175,0
DA:176,0
DA:177,0
DA:179,0
DA:180,0
DA:181,0
DA:184,0
DA:185,0
DA:186,0
DA:189,0
DA:190,0
DA:191,0
DA:194,0
DA:197,0
DA:204,0
DA:205,0
DA:206,0
DA:208,0
DA:212,0
DA:214,0
DA:218,2
DA:220,2
DA:224,0
DA:225,0
DA:237,0
DA:244,0
DA:265,0
DA:267,0
DA:279,0
DA:281,0
DA:289,0
DA:291,0
DA:303,0
DA:306,1
DA:307,0
DA:309,0
DA:310,0
DA:312,0
DA:313,0
DA:314,0
DA:315,0
DA:316,0
DA:318,0
DA:363,0
DA:365,0
DA:366,0
DA:373,0
DA:378,0
DA:379,0
DA:382,0
DA:383,0
DA:386,0
DA:387,0
DA:390,0
DA:391,0
DA:394,0
DA:395,0
DA:398,0
DA:399,0
DA:400,0
DA:401,0
DA:403,0
DA:404,0
DA:407,0
DA:410,0
DA:411,0
DA:413,0
DA:414,0
DA:415,0
DA:417,0
DA:419,0
DA:423,0
DA:431,0
DA:438,0
DA:440,0
DA:442,0
DA:446,0
LF:107
LH:13
BRDA:44,0,0,0
BRDA:44,0,1,4
BRDA:165,1,0,0
BRDA:165,1,1,0
BRDA:165,1,2,0
BRDA:165,1,3,0
BRDA:165,1,4,0
BRDA:165,1,5,0
BRDA:165,1,6,0
BRDA:245,2,0,0
BRDA:245,2,1,0
BRDA:251,3,0,0
BRDA:251,3,1,0
BRDA:254,4,0,0
BRDA:254,4,1,0
BRDA:255,5,0,0
BRDA:255,5,1,0
BRDA:268,6,0,0
BRDA:268,6,1,0
BRDA:269,7,0,0
BRDA:269,7,1,0
BRDA:272,8,0,0
BRDA:272,8,1,0
BRDA:387,9,0,0
BRDA:387,9,1,0
BRDA:395,10,0,0
BRDA:395,10,1,0
BRDA:399,11,0,0
BRDA:399,11,1,0
BRDA:403,12,0,0
BRDA:403,12,1,0
BRDA:411,13,0,0
BRDA:411,13,1,0
BRDA:417,14,0,0
BRDA:417,14,1,0
BRDA:419,15,0,0
BRDA:419,15,1,0
BRDA:433,16,0,0
BRDA:433,16,1,0
BRF:39
BRH:1
end_of_record
TN:
SF:components/Auth/AuthHeader.tsx
FN:15,(anonymous_0)
FN:22,(anonymous_1)
FN:24,(anonymous_2)
FN:33,(anonymous_3)
FN:41,(anonymous_4)
FNF:5
FNH:5
FNDA:2,(anonymous_0)
FNDA:2,(anonymous_1)
FNDA:1,(anonymous_2)
FNDA:1,(anonymous_3)
FNDA:2,(anonymous_4)
DA:15,1
DA:17,2
DA:19,2
DA:20,2
DA:22,2
DA:24,2
DA:25,1
DA:33,2
DA:34,1
DA:41,2
DA:42,2
DA:43,2
DA:47,2
LF:13
LH:13
BRF:0
BRH:0
end_of_record
TN:
SF:constants/Colors.ts
FNF:0
FNH:0
DA:1,1
DA:2,1
LF:2
LH:2
BRF:0
BRH:0
end_of_record
TN:
SF:constants/Layout.ts
FNF:0
FNH:0
DA:3,1
DA:4,1
LF:2
LH:2
BRF:0
BRH:0
end_of_record
TN:
SF:constants/style.tsx
FNF:0
FNH:0
DA:8,1
DA:9,1
LF:2
LH:2
BRDA:17,0,0,0
BRDA:17,0,1,1
BRF:2
BRH:1
end_of_record
TN:
SF:screens/Auth/authStyles.tsx
FNF:0
FNH:0
LF:0
LH:0
BRF:0
BRH:0
end_of_record
